d:\application_addin\tools\ceshi_dll_confige\pluginceshi\pluginceshi\x64\release\pluginceshi.obj
d:\application_addin\tools\ceshi_dll_confige\pluginceshi\pluginceshi\x64\release\main.obj
d:\application_addin\tools\ceshi_dll_confige\pluginceshi\pluginceshi\x64\release\vc140.pdb
d:\application_addin\tools\ceshi_dll_confige\pluginceshi\pluginceshi\x64\release\moc_pluginceshi.obj
d:\application_addin\tools\ceshi_dll_confige\pluginceshi\pluginceshi\x64\release\qrc_pluginceshi.obj
d:\application_addin\tools\ceshi_dll_confige\pluginceshi\x64\release\pluginceshi.ilk
d:\application_addin\tools\ceshi_dll_confige\pluginceshi\x64\release\pluginceshi.exe
d:\application_addin\tools\ceshi_dll_confige\pluginceshi\x64\release\pluginceshi.pdb
d:\application_addin\tools\ceshi_dll_confige\pluginceshi\pluginceshi\x64\release\moc\moc_pluginceshi.cpp
d:\application_addin\tools\ceshi_dll_confige\pluginceshi\pluginceshi\x64\release\uic\ui_pluginceshi.h
d:\application_addin\tools\ceshi_dll_confige\pluginceshi\pluginceshi\x64\release\rcc\qrc_pluginceshi.cpp
d:\application_addin\tools\ceshi_dll_confige\pluginceshi\pluginceshi\x64\release\pluginceshi.tlog\cl.command.1.tlog
d:\application_addin\tools\ceshi_dll_confige\pluginceshi\pluginceshi\x64\release\pluginceshi.tlog\cl.read.1.tlog
d:\application_addin\tools\ceshi_dll_confige\pluginceshi\pluginceshi\x64\release\pluginceshi.tlog\cl.write.1.tlog
d:\application_addin\tools\ceshi_dll_confige\pluginceshi\pluginceshi\x64\release\pluginceshi.tlog\link.command.1.tlog
d:\application_addin\tools\ceshi_dll_confige\pluginceshi\pluginceshi\x64\release\pluginceshi.tlog\link.read.1.tlog
d:\application_addin\tools\ceshi_dll_confige\pluginceshi\pluginceshi\x64\release\pluginceshi.tlog\link.write.1.tlog
d:\application_addin\tools\ceshi_dll_confige\pluginceshi\pluginceshi\x64\release\pluginceshi.tlog\moc.read.1u.tlog
d:\application_addin\tools\ceshi_dll_confige\pluginceshi\pluginceshi\x64\release\pluginceshi.tlog\moc.write.1u.tlog
d:\application_addin\tools\ceshi_dll_confige\pluginceshi\pluginceshi\x64\release\pluginceshi.tlog\pluginceshi.write.1u.tlog
d:\application_addin\tools\ceshi_dll_confige\pluginceshi\pluginceshi\x64\release\pluginceshi.tlog\rcc.read.1u.tlog
d:\application_addin\tools\ceshi_dll_confige\pluginceshi\pluginceshi\x64\release\pluginceshi.tlog\rcc.write.1u.tlog
d:\application_addin\tools\ceshi_dll_confige\pluginceshi\pluginceshi\x64\release\pluginceshi.tlog\uic.read.1u.tlog
d:\application_addin\tools\ceshi_dll_confige\pluginceshi\pluginceshi\x64\release\pluginceshi.tlog\uic.write.1u.tlog
